# JRE version: OpenJDK Runtime Environment (8.0_202-b03) (build 1.8.0_202-release-1483-b03)
# Java VM: OpenJDK 64-Bit Server VM (25.202-b03 mixed mode windows-amd64 compressed oops)
Heap:
 PSYoungGen      total 215552K, used 75232K [0x00000000e0000000, 0x00000000f1280000, 0x0000000100000000)
  eden space 163840K, 45% used [0x00000000e0000000,0x00000000e4978028,0x00000000ea000000)
  from space 51712K, 0% used [0x00000000ed100000,0x00000000ed100000,0x00000000f0380000)
  to   space 50176K, 0% used [0x00000000ea000000,0x00000000ea000000,0x00000000ed100000)
 ParOldGen       total 270848K, used 65177K [0x00000000a0000000, 0x00000000b0880000, 0x00000000e0000000)
  object space 270848K, 24% used [0x00000000a0000000,0x00000000a3fa64f8,0x00000000b0880000)
 Metaspace       used 91822K, capacity 97316K, committed 98764K, reserved 1134592K
  class space    used 11781K, capacity 12723K, committed 13056K, reserved 1048576K
GC Heap History (10 events):
Event: 5150.902 GC heap before
{Heap before GC invocations=38 (full 3):
 PSYoungGen      total 218112K, used 181616K [0x00000000e0000000, 0x00000000f1900000, 0x0000000100000000)
  eden space 175104K, 100% used [0x00000000e0000000,0x00000000eab00000,0x00000000eab00000)
  from space 43008K, 15% used [0x00000000eef00000,0x00000000ef55c030,0x00000000f1900000)
  to   space 56320K, 0% used [0x00000000eab00000,0x00000000eab00000,0x00000000ee200000)
 ParOldGen       total 187392K, used 114151K [0x00000000a0000000, 0x00000000ab700000, 0x00000000e0000000)
  object space 187392K, 60% used [0x00000000a0000000,0x00000000a6f79cb0,0x00000000ab700000)
 Metaspace       used 88757K, capacity 93560K, committed 93784K, reserved 1130496K
  class space    used 11450K, capacity 12333K, committed 12416K, reserved 1048576K
Event: 5150.916 GC heap after
Heap after GC invocations=38 (full 3):
 PSYoungGen      total 181760K, used 10785K [0x00000000e0000000, 0x00000000f1180000, 0x0000000100000000)
  eden space 170496K, 0% used [0x00000000e0000000,0x00000000e0000000,0x00000000ea680000)
  from space 11264K, 95% used [0x00000000eab00000,0x00000000eb5884b8,0x00000000eb600000)
  to   space 54784K, 0% used [0x00000000edc00000,0x00000000edc00000,0x00000000f1180000)
 ParOldGen       total 187392K, used 114207K [0x00000000a0000000, 0x00000000ab700000, 0x00000000e0000000)
  object space 187392K, 60% used [0x00000000a0000000,0x00000000a6f87cb0,0x00000000ab700000)
 Metaspace       used 88757K, capacity 93560K, committed 93784K, reserved 1130496K
  class space    used 11450K, capacity 12333K, committed 12416K, reserved 1048576K
}
Event: 5235.900 GC heap before
{Heap before GC invocations=39 (full 3):
 PSYoungGen      total 181760K, used 181281K [0x00000000e0000000, 0x00000000f1180000, 0x0000000100000000)
  eden space 170496K, 100% used [0x00000000e0000000,0x00000000ea680000,0x00000000ea680000)
  from space 11264K, 95% used [0x00000000eab00000,0x00000000eb5884b8,0x00000000eb600000)
  to   space 54784K, 0% used [0x00000000edc00000,0x00000000edc00000,0x00000000f1180000)
 ParOldGen       total 187392K, used 114207K [0x00000000a0000000, 0x00000000ab700000, 0x00000000e0000000)
  object space 187392K, 60% used [0x00000000a0000000,0x00000000a6f87cb0,0x00000000ab700000)
 Metaspace       used 89128K, capacity 94508K, committed 94680K, reserved 1132544K
  class space    used 11535K, capacity 12491K, committed 12544K, reserved 1048576K
Event: 5235.911 GC heap after
Heap after GC invocations=39 (full 3):
 PSYoungGen      total 217088K, used 2720K [0x00000000e0000000, 0x00000000f0d80000, 0x0000000100000000)
  eden space 166400K, 0% used [0x00000000e0000000,0x00000000e0000000,0x00000000ea280000)
  from space 50688K, 5% used [0x00000000edc00000,0x00000000edea8020,0x00000000f0d80000)
  to   space 54784K, 0% used [0x00000000ea280000,0x00000000ea280000,0x00000000ed800000)
 ParOldGen       total 187392K, used 114271K [0x00000000a0000000, 0x00000000ab700000, 0x00000000e0000000)
  object space 187392K, 60% used [0x00000000a0000000,0x00000000a6f97cb0,0x00000000ab700000)
 Metaspace       used 89128K, capacity 94508K, committed 94680K, reserved 1132544K
  class space    used 11535K, capacity 12491K, committed 12544K, reserved 1048576K
}
Event: 5237.857 GC heap before
{Heap before GC invocations=40 (full 3):
 PSYoungGen      total 217088K, used 169120K [0x00000000e0000000, 0x00000000f0d80000, 0x0000000100000000)
  eden space 166400K, 100% used [0x00000000e0000000,0x00000000ea280000,0x00000000ea280000)
  from space 50688K, 5% used [0x00000000edc00000,0x00000000edea8020,0x00000000f0d80000)
  to   space 54784K, 0% used [0x00000000ea280000,0x00000000ea280000,0x00000000ed800000)
 ParOldGen       total 187392K, used 114271K [0x00000000a0000000, 0x00000000ab700000, 0x00000000e0000000)
  object space 187392K, 60% used [0x00000000a0000000,0x00000000a6f97cb0,0x00000000ab700000)
 Metaspace       used 90569K, capacity 96568K, committed 96728K, reserved 1132544K
  class space    used 11709K, capacity 12751K, committed 12800K, reserved 1048576K
Event: 5237.873 GC heap after
Heap after GC invocations=40 (full 3):
 PSYoungGen      total 183296K, used 20536K [0x00000000e0000000, 0x00000000f0380000, 0x0000000100000000)
  eden space 162304K, 0% used [0x00000000e0000000,0x00000000e0000000,0x00000000e9e80000)
  from space 20992K, 97% used [0x00000000ea280000,0x00000000eb68e080,0x00000000eb700000)
  to   space 51712K, 0% used [0x00000000ed100000,0x00000000ed100000,0x00000000f0380000)
 ParOldGen       total 187392K, used 114383K [0x00000000a0000000, 0x00000000ab700000, 0x00000000e0000000)
  object space 187392K, 61% used [0x00000000a0000000,0x00000000a6fb3cb0,0x00000000ab700000)
 Metaspace       used 90569K, capacity 96568K, committed 96728K, reserved 1132544K
  class space    used 11709K, capacity 12751K, committed 12800K, reserved 1048576K
}
Event: 5238.059 GC heap before
{Heap before GC invocations=41 (full 3):
 PSYoungGen      total 183296K, used 61327K [0x00000000e0000000, 0x00000000f0380000, 0x0000000100000000)
  eden space 162304K, 25% used [0x00000000e0000000,0x00000000e27d5e68,0x00000000e9e80000)
  from space 20992K, 97% used [0x00000000ea280000,0x00000000eb68e080,0x00000000eb700000)
  to   space 51712K, 0% used [0x00000000ed100000,0x00000000ed100000,0x00000000f0380000)
 ParOldGen       total 187392K, used 114383K [0x00000000a0000000, 0x00000000ab700000, 0x00000000e0000000)
  object space 187392K, 61% used [0x00000000a0000000,0x00000000a6fb3cb0,0x00000000ab700000)
 Metaspace       used 92228K, capacity 98204K, committed 98380K, reserved 1134592K
  class space    used 11893K, capacity 12913K, committed 12928K, reserved 1048576K
Event: 5238.090 GC heap after
Heap after GC invocations=41 (full 3):
 PSYoungGen      total 215552K, used 25055K [0x00000000e0000000, 0x00000000f1280000, 0x0000000100000000)
  eden space 163840K, 0% used [0x00000000e0000000,0x00000000e0000000,0x00000000ea000000)
  from space 51712K, 48% used [0x00000000ed100000,0x00000000ee977d40,0x00000000f0380000)
  to   space 50176K, 0% used [0x00000000ea000000,0x00000000ea000000,0x00000000ed100000)
 ParOldGen       total 187392K, used 114447K [0x00000000a0000000, 0x00000000ab700000, 0x00000000e0000000)
  object space 187392K, 61% used [0x00000000a0000000,0x00000000a6fc3cb0,0x00000000ab700000)
 Metaspace       used 92228K, capacity 98204K, committed 98380K, reserved 1134592K
  class space    used 11893K, capacity 12913K, committed 12928K, reserved 1048576K
}
Event: 5238.090 GC heap before
{Heap before GC invocations=42 (full 4):
 PSYoungGen      total 215552K, used 25055K [0x00000000e0000000, 0x00000000f1280000, 0x0000000100000000)
  eden space 163840K, 0% used [0x00000000e0000000,0x00000000e0000000,0x00000000ea000000)
  from space 51712K, 48% used [0x00000000ed100000,0x00000000ee977d40,0x00000000f0380000)
  to   space 50176K, 0% used [0x00000000ea000000,0x00000000ea000000,0x00000000ed100000)
 ParOldGen       total 187392K, used 114447K [0x00000000a0000000, 0x00000000ab700000, 0x00000000e0000000)
  object space 187392K, 61% used [0x00000000a0000000,0x00000000a6fc3cb0,0x00000000ab700000)
 Metaspace       used 92228K, capacity 98204K, committed 98380K, reserved 1134592K
  class space    used 11893K, capacity 12913K, committed 12928K, reserved 1048576K
Event: 5238.749 GC heap after
Heap after GC invocations=42 (full 4):
 PSYoungGen      total 215552K, used 0K [0x00000000e0000000, 0x00000000f1280000, 0x0000000100000000)
  eden space 163840K, 0% used [0x00000000e0000000,0x00000000e0000000,0x00000000ea000000)
  from space 51712K, 0% used [0x00000000ed100000,0x00000000ed100000,0x00000000f0380000)
  to   space 50176K, 0% used [0x00000000ea000000,0x00000000ea000000,0x00000000ed100000)
 ParOldGen       total 270848K, used 65177K [0x00000000a0000000, 0x00000000b0880000, 0x00000000e0000000)
  object space 270848K, 24% used [0x00000000a0000000,0x00000000a3fa64f8,0x00000000b0880000)
 Metaspace       used 91610K, capacity 97038K, committed 98380K, reserved 1134592K
  class space    used 11768K, capacity 12682K, committed 12928K, reserved 1048576K
}

